"x"
"1" "Jian Song"
"2" "jian.song@nih.gov"
"x"
"1" "Jian Song"
"2" "jian.song@nih.gov"
"x"
"1" "Jian Song"
"2" "jian.song@nih.gov"
"x"
"1" "Jian Song"
"2" "jian.song@nih.gov"
"x"
"1" "Jian Song"
"2" "jian.song@nih.gov"
"x"
"1" "Jian Song"
"2" "jian.song@nih.gov"
"x"
"1" "Jian Song"
"2" "jian.song@nih.gov"
"x"
"1" "Jian Song"
"2" "jian.song@nih.gov"
"x"
"1" "Jian Song"
"2" "jian.song@nih.gov"
"x"
"1" "Jian Song"
"2" "jian.song@nih.gov"
"x"
"1" "Jian Song"
"2" "jian.song@nih.gov"
"x"
"1" "Jian Song"
"2" "jian.song@nih.gov"
"x"
"1" "Jian Song"
"2" "jian.song@nih.gov"
"x"
"1" "Jian Song"
"2" "jian.song@nih.gov"
"x"
"1" "Jian Song"
"2" "jian.song@nih.gov"
"x"
"1" "Jian Song"
"2" "jian.song@nih.gov"
"x"
"1" "Jian Song"
"2" "jian.song@nih.gov"
"x"
"1" "Jian"
"2" "jian@lanl.gov"
"x"
"1" "Jian Song"
"2" "jian@lanl.gov"
"x"
"1" "Jian Song"
"2" "jian@lanl.gov"
"x"
"1" "Jian Song"
"2" "jian.song@nih.gov"
"x"
"1" "Jian Song"
"2" "jian.song@nih.gov"
"x"
"1" "Jian Song"
"2" "jian.song@nih.gov"
"x"
"1" "Jian Song"
"2" "jian.song@nih.gov"
"x"
"1" "Jian Song"
"2" "jian.song@nih.gov"
"x"
"1" "Jian Song"
"2" "jian.song@nih.gov"
"x"
"1" "Jian Song"
"2" "jian.song@nih.gov"
"x"
"1" "Jian Song"
"2" "jian.song@nih.gov"
"x"
"1" "Jian Song"
"2" "jian.song@nih.gov"
"x"
"1" "Jian Song"
"2" "jian.song@nih.gov"
"x"
"1" "Jian Song"
"2" "jian.song@nih.gov"
"x"
"1" "Jian Song"
"2" "jian.song@nih.gov"
"x"
"1" "Jian Song"
"2" "jian.song@nih.gov"
"x"
"1" "Jian Song"
"2" "jian.song@nih.gov"
"x"
"1" "Jian Song"
"2" "jian.song@nih.gov"
"x"
"1" "Jian Song"
"2" "jian.song@nih.gov"
"x"
"1" "Jian Song"
"2" "jian@lanl.gov"
"x"
"1" "Jian Song"
"2" "jian.song@nih.gov"
"x"
"1" "Jian Song"
"2" "jian@lanl.gov"
"x"
"1" "Jian Song"
"2" "jian.song@nih.gov"
"x"
"1" "Jian Song"
"2" "jian@lanl.gov"
"x"
"1" "Jian Song"
"2" "jian@lanl.gov"
"x"
"1" "Jian Song"
"2" "jian.song@nih.gov"
"x"
"1" "Jian Song"
"2" "jian.song@nih.gov"
"x"
"1" "Jian Song"
"2" "jian@lanl.gov"
"x"
"1" "Jian Song"
"2" "jian.song@nih.gov"
"x"
"1" "Sam"
"2" "sakatz@nih.gov"
"x"
"1" "Jian Song"
"2" "jian.song@nih.gov"
"x"
"1" "Jian Song"
"2" "jian.song@nih.gov"
"x"
"1" "Jian Song"
"2" "jian.song@nih.gov"
"x"
"1" "Jian Song"
"2" "jian.song@nih.gov"
"x"
"1" "Jian Song"
"2" "jian.song@nih.gov"
"x"
"1" "Jian Song"
"2" "jian.song@nih.gov"
"x"
"1" "Jian Song"
"2" "jian.song@nih.gov"
"x"
"1" "Jian Song"
"2" "jian.song@nih.gov"
"x"
"1" "Jian Song"
"2" "jian.song@nih.gov"
"x"
"1" "Jian Song"
"2" "jian.song@nih.gov"
"x"
"1" "Jian Song"
"2" "jian.song@nih.gov"
"x"
"1" "Jian Song"
"2" "jian.song@nih.gov"
"x"
"1" "Jian Song"
"2" "jian@lanl.gov"
"x"
"1" "Jian Song"
"2" "jian@lanl.gov"
"x"
"1" "Jian Song"
"2" "jian.song@nih.gov"
"x"
"1" "Jian song"
"2" "jian@lanl.gov"
"x"
"1" "Jian Song"
"2" "jian.song@nih.gov"
"x"
"1" "Jian Song"
"2" "jian@lanl.gov"
"x"
"1" "Jian Song"
"2" "jian.song@nih.gov"
"x"
"1" "Jian Song"
"2" "jian.song@nih.gov"
"x"
"1" "Jian Song"
"2" "jian.song@nih.gov"
"x"
"1" "Jian Song"
"2" "jian.song@nih.gov"
"x"
"1" "Jian Song"
"2" "jian@lanl.gov"
"x"
"1" "Jian Song"
"2" "jian.song@nih.gov"
"x"
"1" "Jian Song"
"2" "jian.song@nih.gov"
"x"
"1" "Jian Song"
"2" "jian.song@nih.gov"
"x"
"1" "Jian Song"
"2" "jian.song@nih.gov"
"x"
"1" "Jian Song"
"2" "jian@lanl.gov"
"x"
"1" "Jian Song"
"2" "jian@lanl.gov"
"x"
"1" "Jian Song"
"2" "jian.song@nih.gov"
"x"
"1" "Jian Song"
"2" "jian.song@nih.gov"
"x"
"1" "Jian Song"
"2" "jian@nih.gov"
"x"
"1" "Jian Song"
"2" "jian@lanl.gov"
"x"
"1" "Jian Song"
"2" "jian@lanl.gov"
"x"
"1" "Jian Song"
"2" "jian.song@nih.gov"
"x"
"1" "Jian Song"
"2" "jian@lanl.gov"
"x"
"1" "Jian Song"
"2" "jian.song@nih.gov"
"x"
"1" "JIan Song"
"2" "jian.song@nih.gov"
"x"
"1" "Jian Song"
"2" "jian.song@nih.gov"
"x"
"1" "Jian Song"
"2" "jian.song@nih.gov"
"x"
"1" "Jian Song"
"2" "jian.song@nih.gov"
"x"
"1" "Jian Song"
"2" "jian.song@nih.gov"
"x"
"1" "Jian Song"
"2" "jian.song@nih.gov"
"x"
"1" "Jian Song"
"2" "jian.song@nih.gov"
"x"
"1" "Jian Song"
"2" "jian.song@nih.gov"
"x"
"1" "Jian Song"
"2" "jian.song@nih.gov"
"x"
"1" "Jian Song"
"2" "jian@lanl.gov"
"x"
"1" "Jian Song"
"2" "jian.song@nih.gov"
"x"
"1" "Jian Song"
"2" "jian.song@nih.gov"
"x"
"1" "Jian Song"
"2" "jian.song@nih.gov"
"x"
"1" "Jian Song"
"2" "jian.song@nih.gov"
"x"
"1" "Jian Song"
"2" "jian.song@nih.gov"
"x"
"1" "Jian SOng"
"2" "jian.song@nih.gov"
"x"
"1" ""
"2" "jian.song@nih.gov"
"x"
"1" ""
"2" "jian.song@nih.gov"
"x"
"1" "Jian Song"
"2" "jian.song@nih.gov"
"x"
"1" "Jian Song"
"2" "jian.song@nih.gov"
