"x"
"1" " NULL"
"x"
"1" " NULL"
"x"
"1" "List of 7"
"2" " $ ip     : chr \"156.40.216.2\""
"3" " $ city   : chr \"Bethesda\""
"4" " $ region : chr \"Maryland\""
"5" " $ country: chr \"US\""
"6" " $ loc    : chr \"39.0032,-77.1602\""
"7" " $ org    : chr \"AS3527 National Institutes of Health\""
"8" " $ postal : chr \"20817\""
"x"
"1" "List of 7"
"2" " $ ip     : chr \"156.40.216.2\""
"3" " $ city   : chr \"Bethesda\""
"4" " $ region : chr \"Maryland\""
"5" " $ country: chr \"US\""
"6" " $ loc    : chr \"39.0032,-77.1602\""
"7" " $ org    : chr \"AS3527 National Institutes of Health\""
"8" " $ postal : chr \"20817\""
"x"
"1" " NULL"
"x"
"1" "List of 8"
"2" " $ ip      : chr \"74.96.220.231\""
"3" " $ hostname: chr \"pool-74-96-220-231.washdc.fios.verizon.net\""
"4" " $ city    : chr \"Haymarket\""
"5" " $ region  : chr \"Virginia\""
"6" " $ country : chr \"US\""
"7" " $ loc     : chr \"38.8121,-77.6364\""
"8" " $ org     : chr \"AS701 MCI Communications Services, Inc. d/b/a Verizon Business\""
"9" " $ postal  : chr \"20168\""
"x"
"1" "List of 7"
"2" " $ ip     : chr \"156.40.216.1\""
"3" " $ city   : chr \"Bethesda\""
"4" " $ region : chr \"Maryland\""
"5" " $ country: chr \"US\""
"6" " $ loc    : chr \"39.0032,-77.1602\""
"7" " $ org    : chr \"AS3527 National Institutes of Health\""
"8" " $ postal : chr \"20817\""
"x"
"1" "List of 7"
"2" " $ ip     : chr \"156.40.216.1\""
"3" " $ city   : chr \"Bethesda\""
"4" " $ region : chr \"Maryland\""
"5" " $ country: chr \"US\""
"6" " $ loc    : chr \"39.0032,-77.1602\""
"7" " $ org    : chr \"AS3527 National Institutes of Health\""
"8" " $ postal : chr \"20817\""
"x"
"1" "List of 7"
"2" " $ ip     : chr \"156.40.216.1\""
"3" " $ city   : chr \"Bethesda\""
"4" " $ region : chr \"Maryland\""
"5" " $ country: chr \"US\""
"6" " $ loc    : chr \"39.0032,-77.1602\""
"7" " $ org    : chr \"AS3527 National Institutes of Health\""
"8" " $ postal : chr \"20817\""
